#
# There is insufficient memory for the Java Runtime Environment to continue.
# Native memory allocation (malloc) failed to allocate 599824 bytes for Chunk::new
# Possible reasons:
#   The system is out of physical RAM or swap space
#   The process is running with CompressedOops enabled, and the Java Heap may be blocking the growth of the native heap
# Possible solutions:
#   Reduce memory load on the system
#   Increase physical memory or swap space
#   Check if swap backing store is full
#   Decrease Java heap size (-Xmx/-Xms)
#   Decrease number of Java threads
#   Decrease Java thread stack sizes (-Xss)
#   Set larger code cache with -XX:ReservedCodeCacheSize=
#   JVM is running with Zero Based Compressed Oops mode in which the Java heap is
#     placed in the first 32GB address space. The Java Heap base address is the
#     maximum limit for the native heap growth. Please use -XX:HeapBaseMinAddress
#     to set the Java Heap base and to place the Java Heap above 32GB virtual address.
# This output file may be truncated or incomplete.
#
#  Out of Memory Error (arena.cpp:168), pid=1660, tid=10960
#
# JRE version: Java(TM) SE Runtime Environment (21.0.3+7) (build 21.0.3+7-LTS-152)
# Java VM: Java HotSpot(TM) 64-Bit Server VM (21.0.3+7-LTS-152, mixed mode, sharing, tiered, compressed oops, compressed class ptrs, g1 gc, windows-amd64)
# No core dump will be written. Minidumps are not enabled by default on client versions of Windows
#

---------------  S U M M A R Y ------------

Command Line: -javaagent:C:\Program Files\JetBrains\IntelliJ IDEA Community Edition 2023.3\lib\idea_rt.jar=49404:C:\Program Files\JetBrains\IntelliJ IDEA Community Edition 2023.3\bin -Dfile.encoding=UTF-8 -Dsun.stdout.encoding=UTF-8 -Dsun.stderr.encoding=UTF-8 com.example.aventusbackend.AventusBackendApplication

Host: Intel(R) Core(TM) i5-8265U CPU @ 1.60GHz, 8 cores, 11G,  Windows 10 , 64 bit Build 19041 (10.0.19041.2788)
Time: Tue May  7 02:12:37 2024 SE Asia Standard Time elapsed time: 6.588146 seconds (0d 0h 0m 6s)

---------------  T H R E A D  ---------------

Current thread (0x0000019ffb384530):  JavaThread "C2 CompilerThread1" daemon [_thread_in_native, id=10960, stack(0x0000008672700000,0x0000008672800000) (1024K)]


Current CompileTask:
C2:   6588 6175       4       org.springframework.core.BridgeMethodResolver::resolveBridgeMethod (165 bytes)

Stack: [0x0000008672700000,0x0000008672800000]
Native frames: (J=compiled Java code, j=interpreted, Vv=VM code, C=native code)
V  [jvm.dll+0x6c63b9]
V  [jvm.dll+0x84fa11]
V  [jvm.dll+0x851f3e]
V  [jvm.dll+0x852613]
V  [jvm.dll+0x27cd46]
V  [jvm.dll+0xc4aad]
V  [jvm.dll+0xc4fe3]
V  [jvm.dll+0x3b1d5c]
V  [jvm.dll+0x1df2d9]
V  [jvm.dll+0x245c92]
V  [jvm.dll+0x24511f]
V  [jvm.dll+0x1c689e]
V  [jvm.dll+0x254609]
V  [jvm.dll+0x252b9a]
V  [jvm.dll+0x3eb056]
V  [jvm.dll+0x7f9ffb]
V  [jvm.dll+0x6c4a9d]
C  [ucrtbase.dll+0x21bb2]
C  [KERNEL32.DLL+0x17604]
C  [ntdll.dll+0x526a1]


---------------  P R O C E S S  ---------------

Threads class SMR info:
_java_thread_list=0x0000019ffc52eed0, length=20, elements={
0x0000019fd703f000, 0x0000019ff6d217c0, 0x0000019ff6d22890, 0x0000019ff6d26760,
0x0000019ff6d29600, 0x0000019ff6d2a9b0, 0x0000019ff6d2f260, 0x0000019ff6d30940,
0x0000019ff6d37d50, 0x0000019ff6cef0f0, 0x0000019ffb216490, 0x0000019ffb12c580,
0x0000019ffe7adee0, 0x0000019ffe319f40, 0x0000019ffe8f5d40, 0x0000019ffd515220,
0x0000019ffd5137e0, 0x0000019ffd513e70, 0x0000019ffb384530, 0x0000019ffb386e10
}

Java Threads: ( => current thread )
  0x0000019fd703f000 JavaThread "main"                              [_thread_in_Java, id=19984, stack(0x0000008671600000,0x0000008671700000) (1024K)]
  0x0000019ff6d217c0 JavaThread "Reference Handler"          daemon [_thread_blocked, id=5404, stack(0x0000008671e00000,0x0000008671f00000) (1024K)]
  0x0000019ff6d22890 JavaThread "Finalizer"                  daemon [_thread_blocked, id=13352, stack(0x0000008671f00000,0x0000008672000000) (1024K)]
  0x0000019ff6d26760 JavaThread "Signal Dispatcher"          daemon [_thread_blocked, id=2560, stack(0x0000008672000000,0x0000008672100000) (1024K)]
  0x0000019ff6d29600 JavaThread "Attach Listener"            daemon [_thread_blocked, id=14040, stack(0x0000008672100000,0x0000008672200000) (1024K)]
  0x0000019ff6d2a9b0 JavaThread "Service Thread"             daemon [_thread_blocked, id=12692, stack(0x0000008672200000,0x0000008672300000) (1024K)]
  0x0000019ff6d2f260 JavaThread "Monitor Deflation Thread"   daemon [_thread_blocked, id=10772, stack(0x0000008672300000,0x0000008672400000) (1024K)]
  0x0000019ff6d30940 JavaThread "C2 CompilerThread0"         daemon [_thread_in_native, id=16648, stack(0x0000008672400000,0x0000008672500000) (1024K)]
  0x0000019ff6d37d50 JavaThread "C1 CompilerThread0"         daemon [_thread_blocked, id=2216, stack(0x0000008672500000,0x0000008672600000) (1024K)]
  0x0000019ff6cef0f0 JavaThread "Common-Cleaner"             daemon [_thread_blocked, id=1932, stack(0x0000008672600000,0x0000008672700000) (1024K)]
  0x0000019ffb216490 JavaThread "Monitor Ctrl-Break"         daemon [_thread_in_native, id=15500, stack(0x0000008672800000,0x0000008672900000) (1024K)]
  0x0000019ffb12c580 JavaThread "Notification Thread"        daemon [_thread_blocked, id=9220, stack(0x0000008672900000,0x0000008672a00000) (1024K)]
  0x0000019ffe7adee0 JavaThread "Catalina-utility-1"                [_thread_blocked, id=15976, stack(0x0000008673000000,0x0000008673100000) (1024K)]
  0x0000019ffe319f40 JavaThread "Catalina-utility-2"                [_thread_blocked, id=17900, stack(0x0000008673400000,0x0000008673500000) (1024K)]
  0x0000019ffe8f5d40 JavaThread "container-0"                       [_thread_blocked, id=3140, stack(0x0000008673500000,0x0000008673600000) (1024K)]
  0x0000019ffd515220 JavaThread "mysql-cj-abandoned-connection-cleanup" daemon [_thread_blocked, id=13388, stack(0x0000008673600000,0x0000008673700000) (1024K)]
  0x0000019ffd5137e0 JavaThread "HikariPool-1 housekeeper"   daemon [_thread_blocked, id=15232, stack(0x0000008673800000,0x0000008673900000) (1024K)]
  0x0000019ffd513e70 JavaThread "HikariPool-1 connection adder" daemon [_thread_blocked, id=18604, stack(0x0000008673900000,0x0000008673a00000) (1024K)]
=>0x0000019ffb384530 JavaThread "C2 CompilerThread1"         daemon [_thread_in_native, id=10960, stack(0x0000008672700000,0x0000008672800000) (1024K)]
  0x0000019ffb386e10 JavaThread "C2 CompilerThread2"         daemon [_thread_in_native, id=17992, stack(0x0000008673200000,0x0000008673300000) (1024K)]
Total: 20

Other Threads:
  0x0000019ff6d031a0 VMThread "VM Thread"                           [id=14548, stack(0x0000008671d00000,0x0000008671e00000) (1024K)]
  0x0000019ff6cee350 WatcherThread "VM Periodic Task Thread"        [id=19064, stack(0x0000008671c00000,0x0000008671d00000) (1024K)]
  0x0000019fd7094880 WorkerThread "GC Thread#0"                     [id=1812, stack(0x0000008671700000,0x0000008671800000) (1024K)]
  0x0000019ffb8aa850 WorkerThread "GC Thread#1"                     [id=12244, stack(0x0000008672a00000,0x0000008672b00000) (1024K)]
  0x0000019ffbbf7d80 WorkerThread "GC Thread#2"                     [id=8380, stack(0x0000008672b00000,0x0000008672c00000) (1024K)]
  0x0000019ffb670ca0 WorkerThread "GC Thread#3"                     [id=16064, stack(0x0000008672c00000,0x0000008672d00000) (1024K)]
  0x0000019ffbc8ed60 WorkerThread "GC Thread#4"                     [id=4408, stack(0x0000008672d00000,0x0000008672e00000) (1024K)]
  0x0000019ffbc8f100 WorkerThread "GC Thread#5"                     [id=19932, stack(0x0000008672e00000,0x0000008672f00000) (1024K)]
  0x0000019ffbdaa200 WorkerThread "GC Thread#6"                     [id=268, stack(0x0000008672f00000,0x0000008673000000) (1024K)]
  0x0000019ffbdab420 WorkerThread "GC Thread#7"                     [id=6864, stack(0x0000008673100000,0x0000008673200000) (1024K)]
  0x0000019fd70a1820 ConcurrentGCThread "G1 Main Marker"            [id=18176, stack(0x0000008671800000,0x0000008671900000) (1024K)]
  0x0000019fd70a2ac0 WorkerThread "G1 Conc#0"                       [id=11872, stack(0x0000008671900000,0x0000008671a00000) (1024K)]
  0x0000019ffbdaa940 WorkerThread "G1 Conc#1"                       [id=10868, stack(0x0000008673300000,0x0000008673400000) (1024K)]
  0x0000019ff6bc14a0 ConcurrentGCThread "G1 Refine#0"               [id=4968, stack(0x0000008671a00000,0x0000008671b00000) (1024K)]
  0x0000019fd710e330 ConcurrentGCThread "G1 Service"                [id=3080, stack(0x0000008671b00000,0x0000008671c00000) (1024K)]
Total: 15

Threads with active compile tasks:
C2 CompilerThread0     6607 6178       4       org.springframework.core.annotation.TypeMappedAnnotations::scan (66 bytes)
C2 CompilerThread1     6608 6175       4       org.springframework.core.BridgeMethodResolver::resolveBridgeMethod (165 bytes)
C2 CompilerThread2     6608 6179       4       org.springframework.core.annotation.AnnotationsScanner::scan (21 bytes)
Total: 3

VM state: not at safepoint (normal execution)

VM Mutex/Monitor currently owned by a thread: None

Heap address: 0x0000000741e00000, size: 3042 MB, Compressed Oops mode: Zero based, Oop shift amount: 3

CDS archive(s) mapped at: [0x0000019f80000000-0x0000019f80c90000-0x0000019f80c90000), size 13172736, SharedBaseAddress: 0x0000019f80000000, ArchiveRelocationMode: 1.
Compressed class space mapped at: 0x0000019f81000000-0x0000019fc1000000, reserved size: 1073741824
Narrow klass base: 0x0000019f80000000, Narrow klass shift: 0, Narrow klass range: 0x100000000

GC Precious Log:
 CardTable entry size: 512
 Card Set container configuration: InlinePtr #cards 4 size 8 Array Of Cards #cards 16 size 48 Howl #buckets 8 coarsen threshold 3686 Howl Bitmap #cards 512 size 80 coarsen threshold 460 Card regions per heap region 1 cards per card region 4096
 CPUs: 8 total, 8 available
 Memory: 12163M
 Large Page Support: Disabled
 NUMA Support: Disabled
 Compressed Oops: Enabled (Zero based)
 Heap Region Size: 2M
 Heap Min Capacity: 8M
 Heap Initial Capacity: 192M
 Heap Max Capacity: 3042M
 Pre-touch: Disabled
 Parallel Workers: 8
 Concurrent Workers: 2
 Concurrent Refinement Workers: 8
 Periodic GC: Disabled

Heap:
 garbage-first heap   total 61440K, used 41930K [0x0000000741e00000, 0x0000000800000000)
  region size 2048K, 10 young (20480K), 1 survivors (2048K)
 Metaspace       used 62802K, committed 63488K, reserved 1114112K
  class space    used 8459K, committed 8768K, reserved 1048576K

Heap Regions: E=young(eden), S=young(survivor), O=old, HS=humongous(starts), HC=humongous(continues), CS=collection set, F=free, TAMS=top-at-mark-start, PB=parsable bottom
|   0|0x0000000741e00000, 0x0000000742000000, 0x0000000742000000|100%| O|  |TAMS 0x0000000741e00000| PB 0x0000000741e00000| Untracked 
|   1|0x0000000742000000, 0x0000000742200000, 0x0000000742200000|100%| O|  |TAMS 0x0000000742000000| PB 0x0000000742000000| Untracked 
|   2|0x0000000742200000, 0x0000000742400000, 0x0000000742400000|100%| O|  |TAMS 0x0000000742200000| PB 0x0000000742200000| Untracked 
|   3|0x0000000742400000, 0x0000000742600000, 0x0000000742600000|100%| O|  |TAMS 0x0000000742400000| PB 0x0000000742400000| Untracked 
|   4|0x0000000742600000, 0x0000000742800000, 0x0000000742800000|100%| O|  |TAMS 0x0000000742600000| PB 0x0000000742600000| Untracked 
|   5|0x0000000742800000, 0x0000000742a00000, 0x0000000742a00000|100%| O|  |TAMS 0x0000000742800000| PB 0x0000000742800000| Untracked 
|   6|0x0000000742a00000, 0x0000000742c00000, 0x0000000742c00000|100%| O|  |TAMS 0x0000000742a00000| PB 0x0000000742a00000| Untracked 
|   7|0x0000000742c00000, 0x0000000742e00000, 0x0000000742e00000|100%| O|  |TAMS 0x0000000742c00000| PB 0x0000000742c00000| Untracked 
|   8|0x0000000742e00000, 0x0000000742f96560, 0x0000000743000000| 79%| O|  |TAMS 0x0000000742e00000| PB 0x0000000742e00000| Untracked 
|   9|0x0000000743000000, 0x0000000743200000, 0x0000000743200000|100%| O|  |TAMS 0x0000000743000000| PB 0x0000000743000000| Untracked 
|  10|0x0000000743200000, 0x0000000743400000, 0x0000000743400000|100%| O|  |TAMS 0x0000000743200000| PB 0x0000000743200000| Untracked 
|  11|0x0000000743400000, 0x0000000743600000, 0x0000000743600000|100%| O|Cm|TAMS 0x0000000743400000| PB 0x0000000743400000| Complete 
|  12|0x0000000743600000, 0x0000000743600000, 0x0000000743800000|  0%| F|  |TAMS 0x0000000743600000| PB 0x0000000743600000| Untracked 
|  13|0x0000000743800000, 0x0000000743800000, 0x0000000743a00000|  0%| F|  |TAMS 0x0000000743800000| PB 0x0000000743800000| Untracked 
|  14|0x0000000743a00000, 0x0000000743a00000, 0x0000000743c00000|  0%| F|  |TAMS 0x0000000743a00000| PB 0x0000000743a00000| Untracked 
|  15|0x0000000743c00000, 0x0000000743c00000, 0x0000000743e00000|  0%| F|  |TAMS 0x0000000743c00000| PB 0x0000000743c00000| Untracked 
|  16|0x0000000743e00000, 0x0000000743e00000, 0x0000000744000000|  0%| F|  |TAMS 0x0000000743e00000| PB 0x0000000743e00000| Untracked 
|  17|0x0000000744000000, 0x0000000744000000, 0x0000000744200000|  0%| F|  |TAMS 0x0000000744000000| PB 0x0000000744000000| Untracked 
|  18|0x0000000744200000, 0x0000000744200000, 0x0000000744400000|  0%| F|  |TAMS 0x0000000744200000| PB 0x0000000744200000| Untracked 
|  19|0x0000000744400000, 0x0000000744400000, 0x0000000744600000|  0%| F|  |TAMS 0x0000000744400000| PB 0x0000000744400000| Untracked 
|  20|0x0000000744600000, 0x000000074470f7a8, 0x0000000744800000| 53%| E|  |TAMS 0x0000000744600000| PB 0x0000000744600000| Complete 
|  21|0x0000000744800000, 0x0000000744a00000, 0x0000000744a00000|100%| E|CS|TAMS 0x0000000744800000| PB 0x0000000744800000| Complete 
|  22|0x0000000744a00000, 0x0000000744c00000, 0x0000000744c00000|100%| E|CS|TAMS 0x0000000744a00000| PB 0x0000000744a00000| Complete 
|  23|0x0000000744c00000, 0x0000000744e00000, 0x0000000744e00000|100%| E|CS|TAMS 0x0000000744c00000| PB 0x0000000744c00000| Complete 
|  24|0x0000000744e00000, 0x0000000745000000, 0x0000000745000000|100%| E|CS|TAMS 0x0000000744e00000| PB 0x0000000744e00000| Complete 
|  72|0x000000074ae00000, 0x000000074b000000, 0x000000074b000000|100%| E|CS|TAMS 0x000000074ae00000| PB 0x000000074ae00000| Complete 
|  73|0x000000074b000000, 0x000000074b200000, 0x000000074b200000|100%| E|CS|TAMS 0x000000074b000000| PB 0x000000074b000000| Complete 
|  74|0x000000074b200000, 0x000000074b400000, 0x000000074b400000|100%| E|CS|TAMS 0x000000074b200000| PB 0x000000074b200000| Complete 
|  94|0x000000074da00000, 0x000000074db5c2b0, 0x000000074dc00000| 68%| S|CS|TAMS 0x000000074da00000| PB 0x000000074da00000| Complete 
|  95|0x000000074dc00000, 0x000000074de00000, 0x000000074de00000|100%| E|CS|TAMS 0x000000074dc00000| PB 0x000000074dc00000| Complete 

Card table byte_map: [0x0000019ff0d30000,0x0000019ff1330000] _byte_map_base: 0x0000019fed321000

Marking Bits: (CMBitMap*) 0x0000019fd7094f80
 Bits: [0x0000019ff1330000, 0x0000019ff42b8000)

Polling page: 0x0000019fd7110000

Metaspace:

Usage:
  Non-class:     53.08 MB used.
      Class:      8.26 MB used.
       Both:     61.34 MB used.

Virtual space:
  Non-class space:       64.00 MB reserved,      53.44 MB ( 83%) committed,  1 nodes.
      Class space:        1.00 GB reserved,       8.56 MB ( <1%) committed,  1 nodes.
             Both:        1.06 GB reserved,      62.00 MB (  6%) committed. 

Chunk freelists:
   Non-Class:  10.22 MB
       Class:  7.25 MB
        Both:  17.47 MB

MaxMetaspaceSize: unlimited
CompressedClassSpaceSize: 1.00 GB
Initial GC threshold: 21.00 MB
Current GC threshold: 99.06 MB
CDS: on
 - commit_granule_bytes: 65536.
 - commit_granule_words: 8192.
 - virtual_space_node_default_size: 8388608.
 - enlarge_chunks_in_place: 1.
 - use_allocation_guard: 0.


Internal statistics:

num_allocs_failed_limit: 12.
num_arena_births: 898.
num_arena_deaths: 0.
num_vsnodes_births: 2.
num_vsnodes_deaths: 0.
num_space_committed: 992.
num_space_uncommitted: 0.
num_chunks_returned_to_freelist: 12.
num_chunks_taken_from_freelist: 3054.
num_chunk_merges: 9.
num_chunk_splits: 2182.
num_chunks_enlarged: 1694.
num_inconsistent_stats: 0.

CodeHeap 'non-profiled nmethods': size=120000Kb used=3385Kb max_used=3605Kb free=116614Kb
 bounds [0x0000019fe87a0000, 0x0000019fe8b30000, 0x0000019fefcd0000]
CodeHeap 'profiled nmethods': size=120000Kb used=10359Kb max_used=10802Kb free=109640Kb
 bounds [0x0000019fe0cd0000, 0x0000019fe1770000, 0x0000019fe8200000]
CodeHeap 'non-nmethods': size=5760Kb used=1706Kb max_used=1735Kb free=4053Kb
 bounds [0x0000019fe8200000, 0x0000019fe8470000, 0x0000019fe87a0000]
 total_blobs=6304 nmethods=5574 adapters=634
 compilation: enabled
              stopped_count=0, restarted_count=0
 full_count=0

Compilation events (20 events):
Event: 6.506 Thread 0x0000019ff6d37d50 6214       3       sun.reflect.generics.reflectiveObjects.WildcardTypeImpl::getLowerBounds (34 bytes)
Event: 6.507 Thread 0x0000019ff6d37d50 nmethod 6214 0x0000019fe14dad10 code [0x0000019fe14daf00, 0x0000019fe14db570]
Event: 6.510 Thread 0x0000019ff6d37d50 6219       3       java.lang.Class::methodToString (78 bytes)
Event: 6.511 Thread 0x0000019ff6d37d50 nmethod 6219 0x0000019fe0fec210 code [0x0000019fe0fec520, 0x0000019fe0fed330]
Event: 6.511 Thread 0x0000019ff6d37d50 6221       3       org.springframework.core.convert.TypeDescriptor::hashCode (8 bytes)
Event: 6.511 Thread 0x0000019ff6d37d50 nmethod 6221 0x0000019fe0f03d90 code [0x0000019fe0f03f40, 0x0000019fe0f041a8]
Event: 6.511 Thread 0x0000019ff6d37d50 6220       3       java.util.StringJoiner::add (110 bytes)
Event: 6.512 Thread 0x0000019ff6d37d50 nmethod 6220 0x0000019fe0fc4f90 code [0x0000019fe0fc51e0, 0x0000019fe0fc5c98]
Event: 6.536 Thread 0x0000019ff6d37d50 6222       3       java.lang.PublicMethods$MethodList::merge (192 bytes)
Event: 6.537 Thread 0x0000019ff6d37d50 nmethod 6222 0x0000019fe1449f10 code [0x0000019fe144a180, 0x0000019fe144ac80]
Event: 6.537 Thread 0x0000019ff6d37d50 6223       2       java.util.ArrayList$Itr::<init> (26 bytes)
Event: 6.537 Thread 0x0000019ff6d37d50 nmethod 6223 0x0000019fe10c2490 code [0x0000019fe10c2620, 0x0000019fe10c2790]
Event: 6.537 Thread 0x0000019ff6d37d50 6224       3       java.lang.reflect.ProxyGenerator$ProxyMethod::codeWrapArgument (54 bytes)
Event: 6.538 Thread 0x0000019ff6d37d50 nmethod 6224 0x0000019fe0e64a10 code [0x0000019fe0e64c00, 0x0000019fe0e65088]
Event: 6.555 Thread 0x0000019ff6d37d50 6225       3       org.springframework.core.ResolvableType::forType (112 bytes)
Event: 6.555 Thread 0x0000019ff6d37d50 nmethod 6225 0x0000019fe0e78610 code [0x0000019fe0e78860, 0x0000019fe0e79130]
Event: 6.564 Thread 0x0000019ff6d37d50 6226   !   3       java.util.concurrent.ConcurrentHashMap::putVal (432 bytes)
Event: 6.566 Thread 0x0000019ff6d37d50 nmethod 6226 0x0000019fe0db3790 code [0x0000019fe0db3b00, 0x0000019fe0db5630]
Event: 6.568 Thread 0x0000019ff6d37d50 6228       2       org.springframework.aop.framework.autoproxy.AutoProxyUtils::isOriginalInstance (55 bytes)
Event: 6.569 Thread 0x0000019ff6d37d50 nmethod 6228 0x0000019fe11cf310 code [0x0000019fe11cf500, 0x0000019fe11cf7f0]

GC Heap History (20 events):
Event: 0.738 GC heap before
{Heap before GC invocations=0 (full 0):
 garbage-first heap   total 196608K, used 20480K [0x0000000741e00000, 0x0000000800000000)
  region size 2048K, 11 young (22528K), 0 survivors (0K)
 Metaspace       used 6084K, committed 6336K, reserved 1114112K
  class space    used 689K, committed 832K, reserved 1048576K
}
Event: 0.745 GC heap after
{Heap after GC invocations=1 (full 0):
 garbage-first heap   total 196608K, used 6720K [0x0000000741e00000, 0x0000000800000000)
  region size 2048K, 2 young (4096K), 2 survivors (4096K)
 Metaspace       used 6084K, committed 6336K, reserved 1114112K
  class space    used 689K, committed 832K, reserved 1048576K
}
Event: 1.255 GC heap before
{Heap before GC invocations=1 (full 0):
 garbage-first heap   total 196608K, used 33344K [0x0000000741e00000, 0x0000000800000000)
  region size 2048K, 15 young (30720K), 2 survivors (4096K)
 Metaspace       used 12915K, committed 13248K, reserved 1114112K
  class space    used 1698K, committed 1856K, reserved 1048576K
}
Event: 1.264 GC heap after
{Heap after GC invocations=2 (full 0):
 garbage-first heap   total 196608K, used 9258K [0x0000000741e00000, 0x0000000800000000)
  region size 2048K, 2 young (4096K), 2 survivors (4096K)
 Metaspace       used 12915K, committed 13248K, reserved 1114112K
  class space    used 1698K, committed 1856K, reserved 1048576K
}
Event: 1.744 GC heap before
{Heap before GC invocations=2 (full 0):
 garbage-first heap   total 196608K, used 44074K [0x0000000741e00000, 0x0000000800000000)
  region size 2048K, 21 young (43008K), 2 survivors (4096K)
 Metaspace       used 21250K, committed 21504K, reserved 1114112K
  class space    used 2677K, committed 2816K, reserved 1048576K
}
Event: 1.751 GC heap after
{Heap after GC invocations=3 (full 0):
 garbage-first heap   total 196608K, used 12970K [0x0000000741e00000, 0x0000000800000000)
  region size 2048K, 3 young (6144K), 3 survivors (6144K)
 Metaspace       used 21250K, committed 21504K, reserved 1114112K
  class space    used 2677K, committed 2816K, reserved 1048576K
}
Event: 2.382 GC heap before
{Heap before GC invocations=4 (full 0):
 garbage-first heap   total 61440K, used 43690K [0x0000000741e00000, 0x0000000800000000)
  region size 2048K, 18 young (36864K), 3 survivors (6144K)
 Metaspace       used 25059K, committed 25344K, reserved 1114112K
  class space    used 3188K, committed 3328K, reserved 1048576K
}
Event: 2.391 GC heap after
{Heap after GC invocations=5 (full 0):
 garbage-first heap   total 61440K, used 15628K [0x0000000741e00000, 0x0000000800000000)
  region size 2048K, 2 young (4096K), 2 survivors (4096K)
 Metaspace       used 25059K, committed 25344K, reserved 1114112K
  class space    used 3188K, committed 3328K, reserved 1048576K
}
Event: 3.189 GC heap before
{Heap before GC invocations=5 (full 0):
 garbage-first heap   total 61440K, used 44300K [0x0000000741e00000, 0x0000000800000000)
  region size 2048K, 16 young (32768K), 2 survivors (4096K)
 Metaspace       used 30032K, committed 30464K, reserved 1114112K
  class space    used 3924K, committed 4096K, reserved 1048576K
}
Event: 3.198 GC heap after
{Heap after GC invocations=6 (full 0):
 garbage-first heap   total 61440K, used 18094K [0x0000000741e00000, 0x0000000800000000)
  region size 2048K, 2 young (4096K), 2 survivors (4096K)
 Metaspace       used 30032K, committed 30464K, reserved 1114112K
  class space    used 3924K, committed 4096K, reserved 1048576K
}
Event: 3.918 GC heap before
{Heap before GC invocations=6 (full 0):
 garbage-first heap   total 61440K, used 44718K [0x0000000741e00000, 0x0000000800000000)
  region size 2048K, 16 young (32768K), 2 survivors (4096K)
 Metaspace       used 35599K, committed 36096K, reserved 1114112K
  class space    used 4634K, committed 4864K, reserved 1048576K
}
Event: 3.922 GC heap after
{Heap after GC invocations=7 (full 0):
 garbage-first heap   total 61440K, used 20096K [0x0000000741e00000, 0x0000000800000000)
  region size 2048K, 1 young (2048K), 1 survivors (2048K)
 Metaspace       used 35599K, committed 36096K, reserved 1114112K
  class space    used 4634K, committed 4864K, reserved 1048576K
}
Event: 4.867 GC heap before
{Heap before GC invocations=8 (full 0):
 garbage-first heap   total 61440K, used 48768K [0x0000000741e00000, 0x0000000800000000)
  region size 2048K, 15 young (30720K), 1 survivors (2048K)
 Metaspace       used 47145K, committed 47744K, reserved 1114112K
  class space    used 6143K, committed 6400K, reserved 1048576K
}
Event: 4.871 GC heap after
{Heap after GC invocations=9 (full 0):
 garbage-first heap   total 61440K, used 22843K [0x0000000741e00000, 0x0000000800000000)
  region size 2048K, 2 young (4096K), 2 survivors (4096K)
 Metaspace       used 47145K, committed 47744K, reserved 1114112K
  class space    used 6143K, committed 6400K, reserved 1048576K
}
Event: 5.589 GC heap before
{Heap before GC invocations=9 (full 0):
 garbage-first heap   total 61440K, used 47419K [0x0000000741e00000, 0x0000000800000000)
  region size 2048K, 15 young (30720K), 2 survivors (4096K)
 Metaspace       used 52847K, committed 53376K, reserved 1114112K
  class space    used 6874K, committed 7104K, reserved 1048576K
}
Event: 5.595 GC heap after
{Heap after GC invocations=10 (full 0):
 garbage-first heap   total 61440K, used 24480K [0x0000000741e00000, 0x0000000800000000)
  region size 2048K, 1 young (2048K), 1 survivors (2048K)
 Metaspace       used 52847K, committed 53376K, reserved 1114112K
  class space    used 6874K, committed 7104K, reserved 1048576K
}
Event: 6.141 GC heap before
{Heap before GC invocations=10 (full 0):
 garbage-first heap   total 61440K, used 51104K [0x0000000741e00000, 0x0000000800000000)
  region size 2048K, 14 young (28672K), 1 survivors (2048K)
 Metaspace       used 59375K, committed 60032K, reserved 1114112K
  class space    used 7956K, committed 8256K, reserved 1048576K
}
Event: 6.143 GC heap after
{Heap after GC invocations=11 (full 0):
 garbage-first heap   total 61440K, used 25075K [0x0000000741e00000, 0x0000000800000000)
  region size 2048K, 2 young (4096K), 2 survivors (4096K)
 Metaspace       used 59375K, committed 60032K, reserved 1114112K
  class space    used 7956K, committed 8256K, reserved 1048576K
}
Event: 6.168 GC heap before
{Heap before GC invocations=11 (full 0):
 garbage-first heap   total 61440K, used 25075K [0x0000000741e00000, 0x0000000800000000)
  region size 2048K, 3 young (6144K), 2 survivors (4096K)
 Metaspace       used 59801K, committed 60416K, reserved 1114112K
  class space    used 8005K, committed 8320K, reserved 1048576K
}
Event: 6.170 GC heap after
{Heap after GC invocations=12 (full 0):
 garbage-first heap   total 61440K, used 25546K [0x0000000741e00000, 0x0000000800000000)
  region size 2048K, 1 young (2048K), 1 survivors (2048K)
 Metaspace       used 59801K, committed 60416K, reserved 1114112K
  class space    used 8005K, committed 8320K, reserved 1048576K
}

Dll operation events (14 events):
Event: 0.007 Loaded shared library C:\Program Files\Java\jdk-21\bin\java.dll
Event: 0.051 Loaded shared library C:\Program Files\Java\jdk-21\bin\jsvml.dll
Event: 0.154 Loaded shared library C:\Program Files\Java\jdk-21\bin\zip.dll
Event: 0.157 Loaded shared library C:\Program Files\Java\jdk-21\bin\instrument.dll
Event: 0.162 Loaded shared library C:\Program Files\Java\jdk-21\bin\net.dll
Event: 0.164 Loaded shared library C:\Program Files\Java\jdk-21\bin\nio.dll
Event: 0.167 Loaded shared library C:\Program Files\Java\jdk-21\bin\zip.dll
Event: 0.248 Loaded shared library C:\Program Files\JetBrains\IntelliJ IDEA Community Edition 2023.3\bin\breakgen64.dll
Event: 0.257 Loaded shared library C:\Program Files\Java\jdk-21\bin\extnet.dll
Event: 0.294 Loaded shared library C:\Program Files\Java\jdk-21\bin\jimage.dll
Event: 1.729 Loaded shared library C:\Program Files\Java\jdk-21\bin\sunmscapi.dll
Event: 3.335 Loaded shared library C:\Program Files\Java\jdk-21\bin\management.dll
Event: 3.337 Loaded shared library C:\Program Files\Java\jdk-21\bin\management_ext.dll
Event: 4.043 Loaded shared library C:\Program Files\Java\jdk-21\bin\verify.dll

Deoptimization events (20 events):
Event: 6.535 Thread 0x0000019fd703f000 Uncommon trap: trap_request=0xffffff45 fr.pc=0x0000019fe884957c relative=0x000000000000023c
Event: 6.535 Thread 0x0000019fd703f000 Uncommon trap: reason=unstable_if action=reinterpret pc=0x0000019fe884957c method=java.lang.PublicMethods$MethodList.merge(Ljava/lang/PublicMethods$MethodList;Ljava/lang/reflect/Method;)Ljava/lang/PublicMethods$MethodList; @ 62 c2
Event: 6.535 Thread 0x0000019fd703f000 DEOPT PACKING pc=0x0000019fe884957c sp=0x00000086716fb8c0
Event: 6.535 Thread 0x0000019fd703f000 DEOPT UNPACKING pc=0x0000019fe82546a2 sp=0x00000086716fb860 mode 2
Event: 6.561 Thread 0x0000019fd703f000 Uncommon trap: trap_request=0xffffff45 fr.pc=0x0000019fe89b1d34 relative=0x0000000000000f94
Event: 6.561 Thread 0x0000019fd703f000 Uncommon trap: reason=unstable_if action=reinterpret pc=0x0000019fe89b1d34 method=java.util.concurrent.ConcurrentHashMap.putVal(Ljava/lang/Object;Ljava/lang/Object;Z)Ljava/lang/Object; @ 401 c2
Event: 6.561 Thread 0x0000019fd703f000 DEOPT PACKING pc=0x0000019fe89b1d34 sp=0x00000086716fc0a0
Event: 6.561 Thread 0x0000019fd703f000 DEOPT UNPACKING pc=0x0000019fe82546a2 sp=0x00000086716fc030 mode 2
Event: 6.564 Thread 0x0000019fd703f000 Uncommon trap: trap_request=0xffffffde fr.pc=0x0000019fe89e31bc relative=0x000000000000035c
Event: 6.564 Thread 0x0000019fd703f000 Uncommon trap: reason=class_check action=maybe_recompile pc=0x0000019fe89e31bc method=java.util.concurrent.ConcurrentHashMap.get(Ljava/lang/Object;)Ljava/lang/Object; @ 93 c2
Event: 6.564 Thread 0x0000019fd703f000 DEOPT PACKING pc=0x0000019fe89e31bc sp=0x00000086716fc130
Event: 6.564 Thread 0x0000019fd703f000 DEOPT UNPACKING pc=0x0000019fe82546a2 sp=0x00000086716fc098 mode 2
Event: 6.564 Thread 0x0000019fd703f000 Uncommon trap: trap_request=0xffffffde fr.pc=0x0000019fe89e31bc relative=0x000000000000035c
Event: 6.564 Thread 0x0000019fd703f000 Uncommon trap: reason=class_check action=maybe_recompile pc=0x0000019fe89e31bc method=java.util.concurrent.ConcurrentHashMap.get(Ljava/lang/Object;)Ljava/lang/Object; @ 93 c2
Event: 6.565 Thread 0x0000019fd703f000 DEOPT PACKING pc=0x0000019fe89e31bc sp=0x00000086716fc130
Event: 6.565 Thread 0x0000019fd703f000 DEOPT UNPACKING pc=0x0000019fe82546a2 sp=0x00000086716fc098 mode 2
Event: 6.565 Thread 0x0000019fd703f000 Uncommon trap: trap_request=0xffffffde fr.pc=0x0000019fe89e31bc relative=0x000000000000035c
Event: 6.565 Thread 0x0000019fd703f000 Uncommon trap: reason=class_check action=maybe_recompile pc=0x0000019fe89e31bc method=java.util.concurrent.ConcurrentHashMap.get(Ljava/lang/Object;)Ljava/lang/Object; @ 93 c2
Event: 6.565 Thread 0x0000019fd703f000 DEOPT PACKING pc=0x0000019fe89e31bc sp=0x00000086716fc130
Event: 6.565 Thread 0x0000019fd703f000 DEOPT UNPACKING pc=0x0000019fe82546a2 sp=0x00000086716fc098 mode 2

Classes loaded (20 events):
Event: 5.535 Loading class java/util/concurrent/CancellationException
Event: 5.535 Loading class java/util/concurrent/CancellationException done
Event: 5.779 Loading class java/util/ArrayList$ListItr
Event: 5.779 Loading class java/util/ArrayList$ListItr done
Event: 5.820 Loading class java/util/AbstractList$SubList
Event: 5.820 Loading class java/util/AbstractList$SubList done
Event: 5.914 Loading class java/lang/foreign/ValueLayout
Event: 5.914 Loading class java/lang/foreign/MemoryLayout
Event: 5.914 Loading class java/lang/foreign/MemoryLayout done
Event: 5.914 Loading class java/lang/foreign/ValueLayout done
Event: 6.455 Loading class javax/naming/Reference
Event: 6.455 Loading class javax/naming/Reference done
Event: 6.500 Loading class java/lang/SafeVarargs
Event: 6.500 Loading class java/lang/SafeVarargs done
Event: 6.501 Loading class sun/reflect/generics/reflectiveObjects/GenericArrayTypeImpl
Event: 6.501 Loading class sun/reflect/generics/reflectiveObjects/GenericArrayTypeImpl done
Event: 6.561 Loading class java/util/concurrent/ConcurrentHashMap$TreeNode
Event: 6.562 Loading class java/util/concurrent/ConcurrentHashMap$TreeNode done
Event: 6.562 Loading class java/util/concurrent/ConcurrentHashMap$TreeBin
Event: 6.562 Loading class java/util/concurrent/ConcurrentHashMap$TreeBin done

Classes unloaded (0 events):
No events

Classes redefined (0 events):
No events

Internal exceptions (20 events):
Event: 6.148 Thread 0x0000019fd703f000 Exception <a 'java/lang/NoSuchMethodError'{0x000000074dc3e310}: 'void java.lang.invoke.DirectMethodHandle$Holder.invokeInterface(java.lang.Object, java.lang.Object, int, java.lang.Object)'> (0x000000074dc3e310) 
thrown [s\open\src\hotspot\share\interpreter\linkResolver.cpp, line 773]
Event: 6.151 Thread 0x0000019fd703f000 Exception <a 'java/lang/NoSuchMethodError'{0x000000074dc625a0}: 'java.lang.Object java.lang.invoke.DirectMethodHandle$Holder.newInvokeSpecial(java.lang.Object, java.lang.Object, int, java.lang.Object)'> (0x000000074dc625a0) 
thrown [s\open\src\hotspot\share\interpreter\linkResolver.cpp, line 773]
Event: 6.151 Thread 0x0000019fd703f000 Exception <a 'java/lang/NoSuchMethodError'{0x000000074dc65f00}: 'java.lang.Object java.lang.invoke.Invokers$Holder.linkToTargetMethod(java.lang.Object, int, java.lang.Object, java.lang.Object)'> (0x000000074dc65f00) 
thrown [s\open\src\hotspot\share\interpreter\linkResolver.cpp, line 773]
Event: 6.158 Thread 0x0000019fd703f000 Exception <a 'java/lang/NoSuchMethodError'{0x000000074dcc7f48}: 'void java.lang.invoke.DirectMethodHandle$Holder.invokeSpecial(java.lang.Object, java.lang.Object, java.lang.Object, java.lang.Object, java.lang.Object, java.lang.Object, java.lang.Object, java.lang.Object)'> (0x000000074dcc7f48) 
thrown [s\open\src\hotspot\share\interpreter\linkResolver.cpp, line 773]
Event: 6.162 Thread 0x0000019fd703f000 Exception <a 'java/lang/IncompatibleClassChangeError'{0x000000074dd09de8}: Found class java.lang.Object, but interface was expected> (0x000000074dd09de8) 
thrown [s\open\src\hotspot\share\interpreter\linkResolver.cpp, line 840]
Event: 6.188 Thread 0x0000019fd703f000 Exception <a 'java/lang/NoSuchMethodError'{0x000000074dcb76d8}: 'int java.lang.invoke.DirectMethodHandle$Holder.invokeStatic(java.lang.Object, int, java.lang.Object)'> (0x000000074dcb76d8) 
thrown [s\open\src\hotspot\share\interpreter\linkResolver.cpp, line 773]
Event: 6.191 Thread 0x0000019fd703f000 Exception <a 'java/lang/NoSuchMethodError'{0x000000074dcd53d8}: 'java.lang.Object java.lang.invoke.DirectMethodHandle$Holder.newInvokeSpecial(java.lang.Object, java.lang.Object, java.lang.Object, java.lang.Object, java.lang.Object, int, java.lang.Object)'> (0x000000074dcd53d8) 
thrown [s\open\src\hotspot\share\interpreter\linkResolver.cpp, line 773]
Event: 6.195 Thread 0x0000019fd703f000 Exception <a 'java/lang/NoSuchMethodError'{0x000000074dd07340}: 'java.lang.Object java.lang.invoke.DirectMethodHandle$Holder.newInvokeSpecial(java.lang.Object, java.lang.Object, java.lang.Object, java.lang.Object, java.lang.Object, java.lang.Object, java.lang.Object, java.lang.Object, java.lang.Object, java.lang.Object, java.lang.Object, java.lang.Object)'> (0x000000074dd07340) 
thrown [s\open\src\hotspot\share\interpreter\linkResolver.cpp, line 773]
Event: 6.196 Thread 0x0000019fd703f000 Exception <a 'java/lang/NoSuchMethodError'{0x000000074dd0bbd8}: 'java.lang.Object java.lang.invoke.DirectMethodHandle$Holder.invokeSpecial(java.lang.Object, java.lang.Object, java.lang.Object, java.lang.Object, java.lang.Object, java.lang.Object, java.lang.Object, java.lang.Object, java.lang.Object, java.lang.Object, java.lang.Object, java.lang.Object, java.lang.Object)'> (0x000000074dd0bbd8) 
thrown [s\open\src\hotspot\share\interpreter\linkResolver.cpp, line 773]
Event: 6.196 Thread 0x0000019fd703f000 Exception <a 'java/lang/NoSuchMethodError'{0x000000074dd100b0}: 'java.lang.Object java.lang.invoke.Invokers$Holder.linkToTargetMethod(java.lang.Object, java.lang.Object, java.lang.Object, java.lang.Object, java.lang.Object, java.lang.Object, java.lang.Object, java.lang.Object, java.lang.Object, java.lang.Object, java.lang.Object, java.lang.Object)'> (0x000000074dd100b0) 
thrown [s\open\src\hotspot\share\interpreter\linkResolver.cpp, line 773]
Event: 6.244 Thread 0x0000019fd703f000 Exception <a 'java/lang/NoSuchMethodError'{0x000000074b338ad0}: 'java.lang.Object java.lang.invoke.DirectMethodHandle$Holder.newInvokeSpecial(java.lang.Object, java.lang.Object, java.lang.Object, java.lang.Object, java.lang.Object, java.lang.Object, java.lang.Object, int)'> (0x000000074b338ad0) 
thrown [s\open\src\hotspot\share\interpreter\linkResolver.cpp, line 773]
Event: 6.244 Thread 0x0000019fd703f000 Exception <a 'java/lang/NoSuchMethodError'{0x000000074b33d030}: 'java.lang.Object java.lang.invoke.DirectMethodHandle$Holder.invokeSpecial(java.lang.Object, java.lang.Object, java.lang.Object, java.lang.Object, java.lang.Object, java.lang.Object, java.lang.Object, java.lang.Object, int)'> (0x000000074b33d030) 
thrown [s\open\src\hotspot\share\interpreter\linkResolver.cpp, line 773]
Event: 6.244 Thread 0x0000019fd703f000 Exception <a 'java/lang/NoSuchMethodError'{0x000000074b341048}: 'java.lang.Object java.lang.invoke.Invokers$Holder.linkToTargetMethod(java.lang.Object, java.lang.Object, java.lang.Object, java.lang.Object, java.lang.Object, java.lang.Object, int, java.lang.Object)'> (0x000000074b341048) 
thrown [s\open\src\hotspot\share\interpreter\linkResolver.cpp, line 773]
Event: 6.263 Thread 0x0000019fd703f000 Exception <a 'java/lang/NoSuchMethodError'{0x000000074b0552f0}: 'java.lang.Object java.lang.invoke.DirectMethodHandle$Holder.newInvokeSpecial(java.lang.Object, java.lang.Object, int, java.lang.Object, int, java.lang.Object, java.lang.Object)'> (0x000000074b0552f0) 
thrown [s\open\src\hotspot\share\interpreter\linkResolver.cpp, line 773]
Event: 6.276 Thread 0x0000019fd703f000 Exception <a 'java/lang/NoSuchMethodError'{0x000000074b0f2340}: 'void java.lang.invoke.DirectMethodHandle$Holder.invokeInterface(java.lang.Object, java.lang.Object)'> (0x000000074b0f2340) 
thrown [s\open\src\hotspot\share\interpreter\linkResolver.cpp, line 773]
Event: 6.375 Thread 0x0000019fd703f000 Exception <a 'java/lang/NoSuchMethodError'{0x0000000744e8bfa8}: 'java.lang.Object java.lang.invoke.DirectMethodHandle$Holder.invokeSpecial(java.lang.Object, java.lang.Object, int, java.lang.Object, int)'> (0x0000000744e8bfa8) 
thrown [s\open\src\hotspot\share\interpreter\linkResolver.cpp, line 773]
Event: 6.464 Thread 0x0000019fd703f000 Exception <a 'java/lang/NoSuchMethodError'{0x0000000744c01288}: 'void java.lang.invoke.Invokers$Holder.invokeExact_MT(java.lang.Object, java.lang.Object, java.lang.Object, java.lang.Object)'> (0x0000000744c01288) 
thrown [s\open\src\hotspot\share\interpreter\linkResolver.cpp, line 773]
Event: 6.495 Thread 0x0000019fd703f000 Implicit null exception at 0x0000019fe8afdd97 to 0x0000019fe8afe018
Event: 6.562 Thread 0x0000019fd703f000 Exception <a 'java/lang/IncompatibleClassChangeError'{0x000000074487a898}: Found class java.lang.Object, but interface was expected> (0x000000074487a898) 
thrown [s\open\src\hotspot\share\interpreter\linkResolver.cpp, line 840]
Event: 6.575 Thread 0x0000019fd703f000 Exception <a 'java/lang/IncompatibleClassChangeError'{0x0000000744911578}: Found class java.lang.Object, but interface was expected> (0x0000000744911578) 
thrown [s\open\src\hotspot\share\interpreter\linkResolver.cpp, line 840]

ZGC Phase Switch (0 events):
No events

VM Operations (20 events):
Event: 5.432 Executing VM operation: ICBufferFull
Event: 5.432 Executing VM operation: ICBufferFull done
Event: 5.589 Executing VM operation: G1CollectForAllocation (G1 Evacuation Pause)
Event: 5.595 Executing VM operation: G1CollectForAllocation (G1 Evacuation Pause) done
Event: 5.982 Executing VM operation: ICBufferFull
Event: 5.982 Executing VM operation: ICBufferFull done
Event: 6.081 Executing VM operation: ICBufferFull
Event: 6.081 Executing VM operation: ICBufferFull done
Event: 6.141 Executing VM operation: G1CollectForAllocation (G1 Evacuation Pause)
Event: 6.143 Executing VM operation: G1CollectForAllocation (G1 Evacuation Pause) done
Event: 6.168 Executing VM operation: CollectForMetadataAllocation (Metadata GC Threshold)
Event: 6.170 Executing VM operation: CollectForMetadataAllocation (Metadata GC Threshold) done
Event: 6.187 Executing VM operation: CollectForMetadataAllocation (Metadata GC Threshold)
Event: 6.188 Executing VM operation: CollectForMetadataAllocation (Metadata GC Threshold) done
Event: 6.198 Executing VM operation: G1PauseRemark
Event: 6.202 Executing VM operation: G1PauseRemark done
Event: 6.211 Executing VM operation: G1PauseCleanup
Event: 6.211 Executing VM operation: G1PauseCleanup done
Event: 6.251 Executing VM operation: HandshakeAllThreads (Deoptimize)
Event: 6.251 Executing VM operation: HandshakeAllThreads (Deoptimize) done

Events (20 events):
Event: 6.202 Thread 0x0000019ff6d031a0 flushing nmethod 0x0000019fe88fc190
Event: 6.202 Thread 0x0000019ff6d031a0 flushing nmethod 0x0000019fe88ba410
Event: 6.202 Thread 0x0000019ff6d031a0 flushing nmethod 0x0000019fe88f9410
Event: 6.202 Thread 0x0000019ff6d031a0 flushing nmethod 0x0000019fe8879210
Event: 6.202 Thread 0x0000019ff6d031a0 flushing nmethod 0x0000019fe88de490
Event: 6.202 Thread 0x0000019ff6d031a0 flushing nmethod 0x0000019fe88dc190
Event: 6.202 Thread 0x0000019ff6d031a0 flushing nmethod 0x0000019fe88da010
Event: 6.202 Thread 0x0000019ff6d031a0 flushing nmethod 0x0000019fe88df610
Event: 6.202 Thread 0x0000019ff6d031a0 flushing nmethod 0x0000019fe8895990
Event: 6.202 Thread 0x0000019ff6d031a0 flushing nmethod 0x0000019fe88ae490
Event: 6.202 Thread 0x0000019ff6d031a0 flushing nmethod 0x0000019fe88a5b90
Event: 6.202 Thread 0x0000019ff6d031a0 flushing nmethod 0x0000019fe886de10
Event: 6.202 Thread 0x0000019ff6d031a0 flushing nmethod 0x0000019fe8848390
Event: 6.202 Thread 0x0000019ff6d031a0 flushing nmethod 0x0000019fe8864410
Event: 6.202 Thread 0x0000019ff6d031a0 flushing nmethod 0x0000019fe885a910
Event: 6.202 Thread 0x0000019ff6d031a0 flushing nmethod 0x0000019fe883bd10
Event: 6.202 Thread 0x0000019ff6d031a0 flushing nmethod 0x0000019fe880ce10
Event: 6.202 Thread 0x0000019ff6d031a0 flushing nmethod 0x0000019fe87fdc10
Event: 6.202 Thread 0x0000019ff6d031a0 flushing nmethod 0x0000019fe87a0010
Event: 6.463 Thread 0x0000019ffb386e10 Thread added: 0x0000019ffb386e10


Dynamic libraries:
0x00007ff6dd2f0000 - 0x00007ff6dd300000 	C:\Program Files\Java\jdk-21\bin\java.exe
0x00007ffd493f0000 - 0x00007ffd495e8000 	C:\WINDOWS\SYSTEM32\ntdll.dll
0x00007ffd48430000 - 0x00007ffd484ef000 	C:\WINDOWS\System32\KERNEL32.DLL
0x00007ffd46f30000 - 0x00007ffd4720a000 	C:\WINDOWS\System32\KERNELBASE.dll
0x00007ffd46e30000 - 0x00007ffd46f30000 	C:\WINDOWS\System32\ucrtbase.dll
0x00007ffd0bf80000 - 0x00007ffd0bf99000 	C:\Program Files\Java\jdk-21\bin\jli.dll
0x00007ffd07da0000 - 0x00007ffd07dbb000 	C:\Program Files\Java\jdk-21\bin\VCRUNTIME140.dll
0x00007ffd48f30000 - 0x00007ffd48fde000 	C:\WINDOWS\System32\ADVAPI32.dll
0x00007ffd477c0000 - 0x00007ffd4785e000 	C:\WINDOWS\System32\msvcrt.dll
0x00007ffd492d0000 - 0x00007ffd4936c000 	C:\WINDOWS\System32\sechost.dll
0x00007ffd48e00000 - 0x00007ffd48f26000 	C:\WINDOWS\System32\RPCRT4.dll
0x00007ffd49130000 - 0x00007ffd492cd000 	C:\WINDOWS\System32\USER32.dll
0x00007ffd205d0000 - 0x00007ffd2086a000 	C:\WINDOWS\WinSxS\amd64_microsoft.windows.common-controls_6595b64144ccf1df_6.0.19041.1110_none_60b5254171f9507e\COMCTL32.dll
0x00007ffd47340000 - 0x00007ffd47362000 	C:\WINDOWS\System32\win32u.dll
0x00007ffd48fe0000 - 0x00007ffd4900b000 	C:\WINDOWS\System32\GDI32.dll
0x00007ffd46b90000 - 0x00007ffd46ca0000 	C:\WINDOWS\System32\gdi32full.dll
0x00007ffd472a0000 - 0x00007ffd4733d000 	C:\WINDOWS\System32\msvcp_win.dll
0x00007ffd45810000 - 0x00007ffd4581a000 	C:\WINDOWS\SYSTEM32\VERSION.dll
0x00007ffd48d70000 - 0x00007ffd48da0000 	C:\WINDOWS\System32\IMM32.DLL
0x00007ffd0fb70000 - 0x00007ffd0fb7c000 	C:\Program Files\Java\jdk-21\bin\vcruntime140_1.dll
0x00007ffcfb0f0000 - 0x00007ffcfb17e000 	C:\Program Files\Java\jdk-21\bin\msvcp140.dll
0x00007ffce4300000 - 0x00007ffce500d000 	C:\Program Files\Java\jdk-21\bin\server\jvm.dll
0x00007ffd48870000 - 0x00007ffd488db000 	C:\WINDOWS\System32\WS2_32.dll
0x00007ffd46060000 - 0x00007ffd460ab000 	C:\WINDOWS\SYSTEM32\POWRPROF.dll
0x00007ffd2e920000 - 0x00007ffd2e947000 	C:\WINDOWS\SYSTEM32\WINMM.dll
0x00007ffd45ed0000 - 0x00007ffd45ee2000 	C:\WINDOWS\SYSTEM32\UMPDC.dll
0x00007ffd457d0000 - 0x00007ffd457e2000 	C:\WINDOWS\SYSTEM32\kernel.appcore.dll
0x00007ffd0e5b0000 - 0x00007ffd0e5ba000 	C:\Program Files\Java\jdk-21\bin\jimage.dll
0x00007ffd44670000 - 0x00007ffd44854000 	C:\WINDOWS\SYSTEM32\DBGHELP.DLL
0x00007ffd29f50000 - 0x00007ffd29f84000 	C:\WINDOWS\SYSTEM32\dbgcore.DLL
0x00007ffd47210000 - 0x00007ffd47292000 	C:\WINDOWS\System32\bcryptPrimitives.dll
0x00007ffd3f1f0000 - 0x00007ffd3f1ff000 	C:\Program Files\Java\jdk-21\bin\instrument.dll
0x00007ffcffe10000 - 0x00007ffcffe2f000 	C:\Program Files\Java\jdk-21\bin\java.dll
0x00007ffd47cd0000 - 0x00007ffd48414000 	C:\WINDOWS\System32\SHELL32.dll
0x00007ffd44970000 - 0x00007ffd45103000 	C:\WINDOWS\SYSTEM32\windows.storage.dll
0x00007ffd488e0000 - 0x00007ffd48c34000 	C:\WINDOWS\System32\combase.dll
0x00007ffd46460000 - 0x00007ffd4648e000 	C:\WINDOWS\SYSTEM32\Wldp.dll
0x00007ffd487c0000 - 0x00007ffd4886d000 	C:\WINDOWS\System32\SHCORE.dll
0x00007ffd484f0000 - 0x00007ffd48545000 	C:\WINDOWS\System32\shlwapi.dll
0x00007ffd46a10000 - 0x00007ffd46a2f000 	C:\WINDOWS\SYSTEM32\profapi.dll
0x00007ffcf71d0000 - 0x00007ffcf72a7000 	C:\Program Files\Java\jdk-21\bin\jsvml.dll
0x00007ffcff830000 - 0x00007ffcff848000 	C:\Program Files\Java\jdk-21\bin\zip.dll
0x00007ffd0e420000 - 0x00007ffd0e430000 	C:\Program Files\Java\jdk-21\bin\net.dll
0x00007ffd3b610000 - 0x00007ffd3b71a000 	C:\WINDOWS\SYSTEM32\WINHTTP.dll
0x00007ffd46230000 - 0x00007ffd4629a000 	C:\WINDOWS\system32\mswsock.dll
0x00007ffcffdf0000 - 0x00007ffcffe06000 	C:\Program Files\Java\jdk-21\bin\nio.dll
0x00007ffd38e60000 - 0x00007ffd38e7a000 	C:\Program Files\JetBrains\IntelliJ IDEA Community Edition 2023.3\bin\breakgen64.dll
0x00007ffd0df00000 - 0x00007ffd0df09000 	C:\Program Files\Java\jdk-21\bin\extnet.dll
0x00007ffd3e700000 - 0x00007ffd3e70e000 	C:\Program Files\Java\jdk-21\bin\sunmscapi.dll
0x00007ffd46ca0000 - 0x00007ffd46df6000 	C:\WINDOWS\System32\CRYPT32.dll
0x00007ffd46510000 - 0x00007ffd46538000 	C:\WINDOWS\SYSTEM32\ncrypt.dll
0x00007ffd464d0000 - 0x00007ffd4650b000 	C:\WINDOWS\SYSTEM32\NTASN1.dll
0x00007ffd46490000 - 0x00007ffd464a8000 	C:\WINDOWS\SYSTEM32\CRYPTSP.dll
0x00007ffd45b00000 - 0x00007ffd45b34000 	C:\WINDOWS\system32\rsaenh.dll
0x00007ffd46e00000 - 0x00007ffd46e27000 	C:\WINDOWS\System32\bcrypt.dll
0x00007ffd469d0000 - 0x00007ffd469fe000 	C:\WINDOWS\SYSTEM32\USERENV.dll
0x00007ffd463c0000 - 0x00007ffd463cc000 	C:\WINDOWS\SYSTEM32\CRYPTBASE.dll
0x00007ffd45ef0000 - 0x00007ffd45f2c000 	C:\WINDOWS\SYSTEM32\IPHLPAPI.DLL
0x00007ffd49370000 - 0x00007ffd49378000 	C:\WINDOWS\System32\NSI.dll
0x00007ffd3efd0000 - 0x00007ffd3efda000 	C:\Program Files\Java\jdk-21\bin\management.dll
0x00007ffd3ef80000 - 0x00007ffd3ef8b000 	C:\Program Files\Java\jdk-21\bin\management_ext.dll
0x00007ffd48420000 - 0x00007ffd48428000 	C:\WINDOWS\System32\PSAPI.DLL
0x00007ffd0bdc0000 - 0x00007ffd0bdd0000 	C:\Program Files\Java\jdk-21\bin\verify.dll
0x00007ffd45f30000 - 0x00007ffd45ffb000 	C:\WINDOWS\SYSTEM32\DNSAPI.dll
0x00007ffd3bb90000 - 0x00007ffd3bb9a000 	C:\Windows\System32\rasadhlp.dll
0x00007ffd391a0000 - 0x00007ffd39220000 	C:\WINDOWS\System32\fwpuclnt.dll

dbghelp: loaded successfully - version: 4.0.5 - missing functions: none
symbol engine: initialized successfully - sym options: 0x614 - pdb path: .;C:\Program Files\Java\jdk-21\bin;C:\WINDOWS\SYSTEM32;C:\WINDOWS\WinSxS\amd64_microsoft.windows.common-controls_6595b64144ccf1df_6.0.19041.1110_none_60b5254171f9507e;C:\Program Files\Java\jdk-21\bin\server;C:\Program Files\JetBrains\IntelliJ IDEA Community Edition 2023.3\bin

VM Arguments:
jvm_args: -javaagent:C:\Program Files\JetBrains\IntelliJ IDEA Community Edition 2023.3\lib\idea_rt.jar=49404:C:\Program Files\JetBrains\IntelliJ IDEA Community Edition 2023.3\bin -Dfile.encoding=UTF-8 -Dsun.stdout.encoding=UTF-8 -Dsun.stderr.encoding=UTF-8 
java_command: com.example.aventusbackend.AventusBackendApplication
java_class_path (initial): D:\huong\aventus\aventus-backend\target\classes;C:\Users\Admin\.m2\repository\org\springframework\boot\spring-boot-starter-web\3.2.5\spring-boot-starter-web-3.2.5.jar;C:\Users\Admin\.m2\repository\org\springframework\boot\spring-boot-starter\3.2.5\spring-boot-starter-3.2.5.jar;C:\Users\Admin\.m2\repository\org\springframework\boot\spring-boot\3.2.5\spring-boot-3.2.5.jar;C:\Users\Admin\.m2\repository\org\springframework\boot\spring-boot-autoconfigure\3.2.5\spring-boot-autoconfigure-3.2.5.jar;C:\Users\Admin\.m2\repository\org\springframework\boot\spring-boot-starter-logging\3.2.5\spring-boot-starter-logging-3.2.5.jar;C:\Users\Admin\.m2\repository\ch\qos\logback\logback-classic\1.4.14\logback-classic-1.4.14.jar;C:\Users\Admin\.m2\repository\ch\qos\logback\logback-core\1.4.14\logback-core-1.4.14.jar;C:\Users\Admin\.m2\repository\org\apache\logging\log4j\log4j-to-slf4j\2.21.1\log4j-to-slf4j-2.21.1.jar;C:\Users\Admin\.m2\repository\org\apache\logging\log4j\log4j-api\2.21.1\log4j-api-2.21.1.jar;C:\Users\Admin\.m2\repository\org\slf4j\jul-to-slf4j\2.0.13\jul-to-slf4j-2.0.13.jar;C:\Users\Admin\.m2\repository\jakarta\annotation\jakarta.annotation-api\2.1.1\jakarta.annotation-api-2.1.1.jar;C:\Users\Admin\.m2\repository\org\yaml\snakeyaml\2.2\snakeyaml-2.2.jar;C:\Users\Admin\.m2\repository\org\springframework\boot\spring-boot-starter-json\3.2.5\spring-boot-starter-json-3.2.5.jar;C:\Users\Admin\.m2\repository\com\fasterxml\jackson\core\jackson-databind\2.15.4\jackson-databind-2.15.4.jar;C:\Users\Admin\.m2\repository\com\fasterxml\jackson\core\jackson-annotations\2.15.4\jackson-annotations-2.15.4.jar;C:\Users\Admin\.m2\repository\com\fasterxml\jackson\core\jackson-core\2.15.4\jackson-core-2.15.4.jar;C:\Users\Admin\.m2\repository\com\fasterxml\jackson\datatype\jackson-datatype-jdk8\2.15.4\jackson-datatype-jdk8-2.15.4.jar;C:\Users\Admin\.m2\repository\com\fasterxml\jackson\datatype\jackson-datatype-jsr310\2.15.4\jackson-datatype-jsr310-2.15.4.jar;C:\Users\Admin\.m2\repository\com\fasterxml\jackson\module\jackson-module-parameter-names\2.15.4\jackson-module-parameter-names-2.15.4.jar;C:\Users\Admin\.m2\repository\org\springframework\boot\spring-boot-starter-tomcat\3.2.5\spring-boot-starter-tomcat-3.2.5.jar;C:\Users\Admin\.m2\repository\org\apache\tomcat\embed\tomcat-embed-core\10.1.20\tomcat-embed-core-10.1.20.jar;C:\Users\Admin\.m2\repository\org\apache\tomcat\embed\tomcat-embed-websocket\10.1.20\tomcat-embed-websocket-10.1.20.jar;C:\Users\Admin\.m2\repository\org\springframework\spring-web\6.1.6\spring-web-6.1.6.jar;C:\Users\Admin\.m2\repository\org\springframework\spring-beans\6.1.6\spring-beans-6.1.6.jar;C:\Users\Admin\.m2\repository\io\micrometer\micrometer-observation\1.12.5\micrometer-observation-1.12.5.jar;C:\Users\Admin\.m2\repository\io\micrometer\micrometer-commons\1.12.5\micrometer-commons-1.12.5.jar;C:\Users\Admin\.m2\repository\org\springframework\spring-webmvc\6.1.6\spring-webmvc-6.1.6.jar;C:\Users\Admin\.m2\repository\org\springframework\spring-aop\6.1.6\spring-aop-6.1.6.jar;C:\Users\Admin\.m2\repository\org\springframework\spring-context\6.1.6\spring-context-6.1.6.jar;C:\Users\Admin\.m2\repository\org\springframework\spring-expression\6.1.6\spring-expression-6.1.6.jar;C:\Users\Admin\.m2\repository\org\springframework\boot\spring-boot-starter-oauth2-resource-server\3.2.5\spring-boot-starter-oauth2-resource-server-3.2.5.jar;C:\Users\Admin\.m2\repository\org\springframework\security\spring-security-config\6.2.4\spring-security-config-6.2.4.jar;C:\Users\Admin\.m2\repository\org\springframework\security\spring-security-core\6.2.4\spring-security-core-6.2.4.jar;C:\Users\Admin\.m2\repository\org\springframework\security\spring-security-oauth2-resource-server\6.2.4\spring-security-oauth2-resource-server-6.2.4.jar;C:\Users\Admin\.m2\repository\org\springframework\security\spring-security-oauth2-core\6.2.4\spring-security-oauth2-core-6.2.4.jar;C:\Users\Admin\.m2\repository\org\springframework\security\spring-security-web\6.2.4\spring-security-web-6.2.4.jar;C:\Users\Admin\.m2\repository\org\springframework\security\spring-security-oauth2-jose\6.2.4\spring-security-oauth2-jose-6.2.4.jar;C:\Users\Admin\.m2\repository\com\nimbusds\nimbus-jose-jwt\9.24.4\nimbus-jose-jwt-9.24.4.jar;C:\Users\Admin\.m2\repository\com\github\stephenc\jcip\jcip-annotations\1.0-1\jcip-annotations-1.0-1.jar;C:\Users\Admin\.m2\repository\org\springframework\boot\spring-boot-starter-data-jpa\3.2.5\spring-boot-starter-data-jpa-3.2.5.jar;C:\Users\Admin\.m2\repository\org\springframework\boot\spring-boot-starter-aop\3.2.5\spring-boot-starter-aop-3.2.5.jar;C:\Users\Admin\.m2\repository\org\aspectj\aspectjweaver\1.9.22\aspectjweaver-1.9.22.jar;C:\Users\Admin\.m2\repository\org\springframework\boot\spring-boot-starter-jdbc\3.2.5\spring-boot-starter-jdbc-3.2.5.jar;C:\Users\Admin\.m2\repository\com\zaxxer\HikariCP\5.0.1\HikariCP-5.0.1.jar;C:\Users\Admin\.m2\repository\org\springframework\spring-jdbc\6.1.6\spring-jdbc-6.1.6.jar;C:\Users\Admin\.m2\repository\org\hibernate\orm\hibernate-core\6.4.4.Final\hibernate-core-6.4.4.Final.jar;C:\Users\Admin\.m2\repository\jakarta\persistence\jakarta.persistence-api\3.1.0\jakarta.persistence-api-3.1.0.jar;C:\Users\Admin\.m2\repository\jakarta\transaction\jakarta.transaction-api\2.0.1\jakarta.transaction-api-2.0.1.jar;C:\Users\Admin\.m2\repository\org\jboss\logging\jboss-logging\3.5.3.Final\jboss-logging-3.5.3.Final.jar;C:\Users\Admin\.m2\repository\org\hibernate\common\hibernate-commons-annotations\6.0.6.Final\hibernate-commons-annotations-6.0.6.Final.jar;C:\Users\Admin\.m2\repository\io\smallrye\jandex\3.1.2\jandex-3.1.2.jar;C:\Users\Admin\.m2\repository\com\fasterxml\classmate\1.6.0\classmate-1.6.0.jar;C:\Users\Admin\.m2\repository\net\bytebuddy\byte-buddy\1.14.13\byte-buddy-1.14.13.jar;C:\Users\Admin\.m2\repository\org\glassfish\jaxb\jaxb-runtime\4.0.5\jaxb-runtime-4.0.5.jar;C:\Users\Admin\.m2\repository\org\glassfish\jaxb\jaxb-core\4.0.5\jaxb-core-4.0.5.jar;C:\Users\Admin\.m2\repository\org\eclipse\angus\angus-activation\2.0.2\angus-activation-2.0.2.jar;C:\Users\Admin\.m2\repository\org\glassfish\jaxb\txw2\4.0.5\txw2-4.0.5.jar;C:\Users\Admin\.m2\repository\com\sun\istack\istack-commons-runtime\4.1.2\istack-commons-runtime-4.1.2.jar;C:\Users\Admin\.m2\repository\jakarta\inject\jakarta.inject-api\2.0.1\jakarta.inject-api-2.0.1.jar;C:\Users\Admin\.m2\repository\org\antlr\antlr4-runtime\4.13.0\antlr4-runtime-4.13.0.jar;C:\Users\Admin\.m2\repository\org\springframework\data\spring-data-jpa\3.2.5\spring-data-jpa-3.2.5.jar;C:\Users\Admin\.m2\repository\org\springframework\data\spring-data-commons\3.2.5\spring-data-commons-3.2.5.jar;C:\Users\Admin\.m2\repository\org\springframework\spring-orm\6.1.6\spring-orm-6.1.6.jar;C:\Users\Admin\.m2\repository\org\springframework\spring-tx\6.1.6\spring-tx-6.1.6.jar;C:\Users\Admin\.m2\repository\org\slf4j\slf4j-api\2.0.13\slf4j-api-2.0.13.jar;C:\Users\Admin\.m2\repository\org\springframework\spring-aspects\6.1.6\spring-aspects-6.1.6.jar;C:\Users\Admin\.m2\repository\org\springframework\boot\spring-boot-starter-validation\3.2.5\spring-boot-starter-validation-3.2.5.jar;C:\Users\Admin\.m2\repository\org\apache\tomcat\embed\tomcat-embed-el\10.1.20\tomcat-embed-el-10.1.20.jar;C:\Users\Admin\.m2\repository\org\hibernate\validator\hibernate-validator\8.0.1.Final\hibernate-validator-8.0.1.Final.jar;C:\Users\Admin\.m2\repository\jakarta\validation\jakarta.validation-api\3.0.2\jakarta.validation-api-3.0.2.jar;C:\Users\Admin\.m2\repository\org\springframework\security\spring-security-crypto\6.2.4\spring-security-crypto-6.2.4.jar;C:\Users\Admin\.m2\repository\com\mysql\mysql-connector-j\8.3.0\mysql-connector-j-8.3.0.jar;C:\Users\Admin\.m2\repository\org\mapstruct\mapstruct\1.5.5.Final\mapstruct-1.5.5.Final.jar;C:\Users\Admin\.m2\repository\jakarta\xml\bind\jakarta.xml.bind-api\4.0.2\jakarta.xml.bind-api-4.0.2.jar;C:\Users\Admin\.m2\repository\jakarta\activation\jakarta.activation-api\2.1.3\jakarta.activation-api-2.1.3.jar;C:\Users\Admin\.m2\repository\org\springframework\spring-core\6.1.6\spring-core-6.1.6.jar;C:\Users\Admin\.m2\repository\org\springframework\spring-jcl\6.1.6\spring-jcl-6.1.6.jar
Launcher Type: SUN_STANDARD

[Global flags]
     intx CICompilerCount                          = 4                                         {product} {ergonomic}
     uint ConcGCThreads                            = 2                                         {product} {ergonomic}
     uint G1ConcRefinementThreads                  = 8                                         {product} {ergonomic}
   size_t G1HeapRegionSize                         = 2097152                                   {product} {ergonomic}
    uintx GCDrainStackTargetSize                   = 64                                        {product} {ergonomic}
   size_t InitialHeapSize                          = 201326592                                 {product} {ergonomic}
   size_t MarkStackSize                            = 4194304                                   {product} {ergonomic}
   size_t MaxHeapSize                              = 3189768192                                {product} {ergonomic}
   size_t MaxNewSize                               = 1912602624                                {product} {ergonomic}
   size_t MinHeapDeltaBytes                        = 2097152                                   {product} {ergonomic}
   size_t MinHeapSize                              = 8388608                                   {product} {ergonomic}
    uintx NonNMethodCodeHeapSize                   = 5839372                                {pd product} {ergonomic}
    uintx NonProfiledCodeHeapSize                  = 122909434                              {pd product} {ergonomic}
    uintx ProfiledCodeHeapSize                     = 122909434                              {pd product} {ergonomic}
    uintx ReservedCodeCacheSize                    = 251658240                              {pd product} {ergonomic}
     bool SegmentedCodeCache                       = true                                      {product} {ergonomic}
   size_t SoftMaxHeapSize                          = 3189768192                             {manageable} {ergonomic}
     bool UseCompressedOops                        = true                           {product lp64_product} {ergonomic}
     bool UseG1GC                                  = true                                      {product} {ergonomic}
     bool UseLargePagesIndividualAllocation        = false                                  {pd product} {ergonomic}

Logging:
Log output configuration:
 #0: stdout all=warning uptime,level,tags foldmultilines=false
 #1: stderr all=off uptime,level,tags foldmultilines=false

Environment Variables:
JAVA_HOME=C:\Program Files\Java\jdk1.8.0_251
PATH=C:\Program Files\Common Files\Oracle\Java\javapath;C:\WINDOWS\system32;C:\WINDOWS;C:\WINDOWS\System32\Wbem;C:\WINDOWS\System32\WindowsPowerShell\v1.0\;C:\WINDOWS\System32\OpenSSH\;C:\Program Files\Java\jdk1.8.0_251\bin;C:\Program Files\Microsoft SQL Server\110\Tools\Binn\;C:\Program Files (x86)\Microsoft SQL Server\110\Tools\Binn\;C:\Program Files\Microsoft SQL Server\110\DTS\Binn\;C:\Program Files (x86)\Microsoft SQL Server\110\Tools\Binn\ManagementStudio\;C:\Program Files (x86)\Microsoft Visual Studio 10.0\Common7\IDE\PrivateAssemblies\;C:\Program Files (x86)\Microsoft SQL Server\110\DTS\Binn\;C:\Program Files\Microsoft SQL Server\130\Tools\Binn\;C:\apache-maven-3.6.0\bin;E:\Microsoft VS Code\bin;"C:\apache-tomcat-8.5.34\common\lib\servlet-api.jar;%CLASSPATH%";E:\Git\cmd;C:\Program Files\dotnet\;C:\Program Files\Microsoft SQL Server\150\Tools\Binn\;C:\Program Files\Docker\Docker\resources\bin;C:\ProgramData\DockerDesktop\version-bin;C:\Program Files\Microsoft SQL Server\Client SDK\ODBC\170\Tools\Binn\;E:\nodejs\;E:\python\Scripts\;E:\python\;C:\Users\Admin\AppData\Local\Microsoft\WindowsApps;E:\Andoid\sdk\platform-tools;C:\Users\Admin\.dotnet\tools;C:\Users\Admin\AppData\Roaming\npm
USERNAME=Admin
OS=Windows_NT
PROCESSOR_IDENTIFIER=Intel64 Family 6 Model 142 Stepping 12, GenuineIntel
TMP=C:\Users\Admin\AppData\Local\Temp
TEMP=C:\Users\Admin\AppData\Local\Temp




Periodic native trim disabled

---------------  S Y S T E M  ---------------

OS:
 Windows 10 , 64 bit Build 19041 (10.0.19041.2788)
OS uptime: 1 days 14:42 hours
Hyper-V role detected

CPU: total 8 (initial active 8) (4 cores per cpu, 2 threads per core) family 6 model 142 stepping 12 microcode 0xf8, cx8, cmov, fxsr, ht, mmx, 3dnowpref, sse, sse2, sse3, ssse3, sse4.1, sse4.2, popcnt, lzcnt, tsc, tscinvbit, avx, avx2, aes, erms, clmul, bmi1, bmi2, adx, fma, vzeroupper, clflush, clflushopt, hv, rdtscp, f16c
Processor Information for all 8 processors :
  Max Mhz: 1800, Current Mhz: 1600, Mhz Limit: 1584

Memory: 4k page, system-wide physical 12163M (2218M free)
TotalPageFile size 17538M (AvailPageFile size 5M)
current process WorkingSet (physical memory assigned to process): 248M, peak: 248M
current process commit charge ("private bytes"): 284M, peak: 329M

vm_info: Java HotSpot(TM) 64-Bit Server VM (21.0.3+7-LTS-152) for windows-amd64 JRE (21.0.3+7-LTS-152), built on 2024-03-11T17:42:26Z by "mach5one" with MS VC++ 17.6 (VS2022)

END.
